CRITICAL - 2022-03-01 05:45:20 --> Cannot declare class App\Controllers\Hire because the name is already in use
#0 [internal function]: CodeIgniter\Debug\Exceptions->shutdownHandler()
#1 {main}
CRITICAL - 2022-03-01 06:11:35 --> syntax error, unexpected token ";", expecting ")"
#0 C:\xampp\htdocs\Marcus\system\Router\Router.php(169): CodeIgniter\Router\Router->autoRoute('hire')
#1 C:\xampp\htdocs\Marcus\system\CodeIgniter.php(809): CodeIgniter\Router\Router->handle('hire')
#2 C:\xampp\htdocs\Marcus\system\CodeIgniter.php(389): CodeIgniter\CodeIgniter->tryToRouteIt(Object(CodeIgniter\Router\RouteCollection))
#3 C:\xampp\htdocs\Marcus\system\CodeIgniter.php(336): CodeIgniter\CodeIgniter->handleRequest(NULL, Object(Config\Cache), false)
#4 C:\xampp\htdocs\Marcus\index.php(37): CodeIgniter\CodeIgniter->run()
#5 {main}
CRITICAL - 2022-03-01 06:11:37 --> syntax error, unexpected token ";", expecting ")"
#0 C:\xampp\htdocs\Marcus\system\Router\Router.php(169): CodeIgniter\Router\Router->autoRoute('hire')
#1 C:\xampp\htdocs\Marcus\system\CodeIgniter.php(809): CodeIgniter\Router\Router->handle('hire')
#2 C:\xampp\htdocs\Marcus\system\CodeIgniter.php(389): CodeIgniter\CodeIgniter->tryToRouteIt(Object(CodeIgniter\Router\RouteCollection))
#3 C:\xampp\htdocs\Marcus\system\CodeIgniter.php(336): CodeIgniter\CodeIgniter->handleRequest(NULL, Object(Config\Cache), false)
#4 C:\xampp\htdocs\Marcus\index.php(37): CodeIgniter\CodeIgniter->run()
#5 {main}
CRITICAL - 2022-03-01 06:12:27 --> syntax error, unexpected token ";", expecting ")"
#0 C:\xampp\htdocs\Marcus\system\Router\Router.php(169): CodeIgniter\Router\Router->autoRoute('hire')
#1 C:\xampp\htdocs\Marcus\system\CodeIgniter.php(809): CodeIgniter\Router\Router->handle('hire')
#2 C:\xampp\htdocs\Marcus\system\CodeIgniter.php(389): CodeIgniter\CodeIgniter->tryToRouteIt(Object(CodeIgniter\Router\RouteCollection))
#3 C:\xampp\htdocs\Marcus\system\CodeIgniter.php(336): CodeIgniter\CodeIgniter->handleRequest(NULL, Object(Config\Cache), false)
#4 C:\xampp\htdocs\Marcus\index.php(37): CodeIgniter\CodeIgniter->run()
#5 {main}
CRITICAL - 2022-03-01 06:12:28 --> syntax error, unexpected token ";", expecting ")"
#0 C:\xampp\htdocs\Marcus\system\Router\Router.php(169): CodeIgniter\Router\Router->autoRoute('hire')
#1 C:\xampp\htdocs\Marcus\system\CodeIgniter.php(809): CodeIgniter\Router\Router->handle('hire')
#2 C:\xampp\htdocs\Marcus\system\CodeIgniter.php(389): CodeIgniter\CodeIgniter->tryToRouteIt(Object(CodeIgniter\Router\RouteCollection))
#3 C:\xampp\htdocs\Marcus\system\CodeIgniter.php(336): CodeIgniter\CodeIgniter->handleRequest(NULL, Object(Config\Cache), false)
#4 C:\xampp\htdocs\Marcus\index.php(37): CodeIgniter\CodeIgniter->run()
#5 {main}
CRITICAL - 2022-03-01 06:27:25 --> Class "App\Controllers\Services" not found
#0 C:\xampp\htdocs\Marcus\system\CodeIgniter.php(901): App\Controllers\Hire->initController(Object(CodeIgniter\HTTP\IncomingRequest), Object(CodeIgniter\HTTP\Response), Object(CodeIgniter\Log\Logger))
#1 C:\xampp\htdocs\Marcus\system\CodeIgniter.php(426): CodeIgniter\CodeIgniter->createController()
#2 C:\xampp\htdocs\Marcus\system\CodeIgniter.php(336): CodeIgniter\CodeIgniter->handleRequest(NULL, Object(Config\Cache), false)
#3 C:\xampp\htdocs\Marcus\index.php(37): CodeIgniter\CodeIgniter->run()
#4 {main}
CRITICAL - 2022-03-01 06:28:07 --> Class "App\Controllers\Services" not found
#0 C:\xampp\htdocs\Marcus\system\CodeIgniter.php(901): App\Controllers\Hire->initController(Object(CodeIgniter\HTTP\IncomingRequest), Object(CodeIgniter\HTTP\Response), Object(CodeIgniter\Log\Logger))
#1 C:\xampp\htdocs\Marcus\system\CodeIgniter.php(426): CodeIgniter\CodeIgniter->createController()
#2 C:\xampp\htdocs\Marcus\system\CodeIgniter.php(336): CodeIgniter\CodeIgniter->handleRequest(NULL, Object(Config\Cache), false)
#3 C:\xampp\htdocs\Marcus\index.php(37): CodeIgniter\CodeIgniter->run()
#4 {main}
CRITICAL - 2022-03-01 06:28:10 --> Class "App\Controllers\Services" not found
#0 C:\xampp\htdocs\Marcus\system\CodeIgniter.php(901): App\Controllers\Hire->initController(Object(CodeIgniter\HTTP\IncomingRequest), Object(CodeIgniter\HTTP\Response), Object(CodeIgniter\Log\Logger))
#1 C:\xampp\htdocs\Marcus\system\CodeIgniter.php(426): CodeIgniter\CodeIgniter->createController()
#2 C:\xampp\htdocs\Marcus\system\CodeIgniter.php(336): CodeIgniter\CodeIgniter->handleRequest(NULL, Object(Config\Cache), false)
#3 C:\xampp\htdocs\Marcus\index.php(37): CodeIgniter\CodeIgniter->run()
#4 {main}
CRITICAL - 2022-03-01 06:29:57 --> Undefined array key "cvUrl"
#0 C:\xampp\htdocs\Marcus\app\Controllers\Hire.php(34): CodeIgniter\Debug\Exceptions->errorHandler(2, 'Undefined array...', 'C:\\xampp\\htdocs...', 34)
#1 C:\xampp\htdocs\Marcus\system\CodeIgniter.php(928): App\Controllers\Hire->submit()
#2 C:\xampp\htdocs\Marcus\system\CodeIgniter.php(436): CodeIgniter\CodeIgniter->runController(Object(App\Controllers\Hire))
#3 C:\xampp\htdocs\Marcus\system\CodeIgniter.php(336): CodeIgniter\CodeIgniter->handleRequest(NULL, Object(Config\Cache), false)
#4 C:\xampp\htdocs\Marcus\index.php(37): CodeIgniter\CodeIgniter->run()
#5 {main}
CRITICAL - 2022-03-01 06:30:51 --> Undefined array key "bookUrl"
#0 C:\xampp\htdocs\Marcus\app\Controllers\Hire.php(34): CodeIgniter\Debug\Exceptions->errorHandler(2, 'Undefined array...', 'C:\\xampp\\htdocs...', 34)
#1 C:\xampp\htdocs\Marcus\system\CodeIgniter.php(928): App\Controllers\Hire->submit()
#2 C:\xampp\htdocs\Marcus\system\CodeIgniter.php(436): CodeIgniter\CodeIgniter->runController(Object(App\Controllers\Hire))
#3 C:\xampp\htdocs\Marcus\system\CodeIgniter.php(336): CodeIgniter\CodeIgniter->handleRequest(NULL, Object(Config\Cache), false)
#4 C:\xampp\htdocs\Marcus\index.php(37): CodeIgniter\CodeIgniter->run()
#5 {main}
CRITICAL - 2022-03-01 06:31:35 --> Undefined array key "bookUrl"
#0 C:\xampp\htdocs\Marcus\app\Controllers\Hire.php(34): CodeIgniter\Debug\Exceptions->errorHandler(2, 'Undefined array...', 'C:\\xampp\\htdocs...', 34)
#1 C:\xampp\htdocs\Marcus\system\CodeIgniter.php(928): App\Controllers\Hire->submit()
#2 C:\xampp\htdocs\Marcus\system\CodeIgniter.php(436): CodeIgniter\CodeIgniter->runController(Object(App\Controllers\Hire))
#3 C:\xampp\htdocs\Marcus\system\CodeIgniter.php(336): CodeIgniter\CodeIgniter->handleRequest(NULL, Object(Config\Cache), false)
#4 C:\xampp\htdocs\Marcus\index.php(37): CodeIgniter\CodeIgniter->run()
#5 {main}
CRITICAL - 2022-03-01 06:32:42 --> Undefined array key "cvUrl"
#0 C:\xampp\htdocs\Marcus\app\Controllers\Hire.php(34): CodeIgniter\Debug\Exceptions->errorHandler(2, 'Undefined array...', 'C:\\xampp\\htdocs...', 34)
#1 C:\xampp\htdocs\Marcus\system\CodeIgniter.php(928): App\Controllers\Hire->submit()
#2 C:\xampp\htdocs\Marcus\system\CodeIgniter.php(436): CodeIgniter\CodeIgniter->runController(Object(App\Controllers\Hire))
#3 C:\xampp\htdocs\Marcus\system\CodeIgniter.php(336): CodeIgniter\CodeIgniter->handleRequest(NULL, Object(Config\Cache), false)
#4 C:\xampp\htdocs\Marcus\index.php(37): CodeIgniter\CodeIgniter->run()
#5 {main}
CRITICAL - 2022-03-01 06:32:56 --> Undefined array key "cvUrl"
#0 C:\xampp\htdocs\Marcus\app\Controllers\Hire.php(34): CodeIgniter\Debug\Exceptions->errorHandler(2, 'Undefined array...', 'C:\\xampp\\htdocs...', 34)
#1 C:\xampp\htdocs\Marcus\system\CodeIgniter.php(928): App\Controllers\Hire->submit()
#2 C:\xampp\htdocs\Marcus\system\CodeIgniter.php(436): CodeIgniter\CodeIgniter->runController(Object(App\Controllers\Hire))
#3 C:\xampp\htdocs\Marcus\system\CodeIgniter.php(336): CodeIgniter\CodeIgniter->handleRequest(NULL, Object(Config\Cache), false)
#4 C:\xampp\htdocs\Marcus\index.php(37): CodeIgniter\CodeIgniter->run()
#5 {main}
CRITICAL - 2022-03-01 06:38:19 --> Undefined array key "cvUrl"
#0 C:\xampp\htdocs\Marcus\app\Controllers\Hire.php(34): CodeIgniter\Debug\Exceptions->errorHandler(2, 'Undefined array...', 'C:\\xampp\\htdocs...', 34)
#1 C:\xampp\htdocs\Marcus\system\CodeIgniter.php(928): App\Controllers\Hire->submit()
#2 C:\xampp\htdocs\Marcus\system\CodeIgniter.php(436): CodeIgniter\CodeIgniter->runController(Object(App\Controllers\Hire))
#3 C:\xampp\htdocs\Marcus\system\CodeIgniter.php(336): CodeIgniter\CodeIgniter->handleRequest(NULL, Object(Config\Cache), false)
#4 C:\xampp\htdocs\Marcus\index.php(37): CodeIgniter\CodeIgniter->run()
#5 {main}
CRITICAL - 2022-03-01 06:38:25 --> Undefined array key "cvUrl"
#0 C:\xampp\htdocs\Marcus\app\Controllers\Hire.php(34): CodeIgniter\Debug\Exceptions->errorHandler(2, 'Undefined array...', 'C:\\xampp\\htdocs...', 34)
#1 C:\xampp\htdocs\Marcus\system\CodeIgniter.php(928): App\Controllers\Hire->submit()
#2 C:\xampp\htdocs\Marcus\system\CodeIgniter.php(436): CodeIgniter\CodeIgniter->runController(Object(App\Controllers\Hire))
#3 C:\xampp\htdocs\Marcus\system\CodeIgniter.php(336): CodeIgniter\CodeIgniter->handleRequest(NULL, Object(Config\Cache), false)
#4 C:\xampp\htdocs\Marcus\index.php(37): CodeIgniter\CodeIgniter->run()
#5 {main}
CRITICAL - 2022-03-01 06:46:40 --> Undefined array key "cvUrl"
#0 C:\xampp\htdocs\Marcus\app\Controllers\Hire.php(34): CodeIgniter\Debug\Exceptions->errorHandler(2, 'Undefined array...', 'C:\\xampp\\htdocs...', 34)
#1 C:\xampp\htdocs\Marcus\system\CodeIgniter.php(928): App\Controllers\Hire->submit()
#2 C:\xampp\htdocs\Marcus\system\CodeIgniter.php(436): CodeIgniter\CodeIgniter->runController(Object(App\Controllers\Hire))
#3 C:\xampp\htdocs\Marcus\system\CodeIgniter.php(336): CodeIgniter\CodeIgniter->handleRequest(NULL, Object(Config\Cache), false)
#4 C:\xampp\htdocs\Marcus\index.php(37): CodeIgniter\CodeIgniter->run()
#5 {main}
CRITICAL - 2022-03-01 06:47:17 --> Undefined array key "cvurl"
#0 C:\xampp\htdocs\Marcus\app\Controllers\Hire.php(34): CodeIgniter\Debug\Exceptions->errorHandler(2, 'Undefined array...', 'C:\\xampp\\htdocs...', 34)
#1 C:\xampp\htdocs\Marcus\system\CodeIgniter.php(928): App\Controllers\Hire->submit()
#2 C:\xampp\htdocs\Marcus\system\CodeIgniter.php(436): CodeIgniter\CodeIgniter->runController(Object(App\Controllers\Hire))
#3 C:\xampp\htdocs\Marcus\system\CodeIgniter.php(336): CodeIgniter\CodeIgniter->handleRequest(NULL, Object(Config\Cache), false)
#4 C:\xampp\htdocs\Marcus\index.php(37): CodeIgniter\CodeIgniter->run()
#5 {main}
CRITICAL - 2022-03-01 06:47:21 --> Undefined array key "cvurl"
#0 C:\xampp\htdocs\Marcus\app\Controllers\Hire.php(34): CodeIgniter\Debug\Exceptions->errorHandler(2, 'Undefined array...', 'C:\\xampp\\htdocs...', 34)
#1 C:\xampp\htdocs\Marcus\system\CodeIgniter.php(928): App\Controllers\Hire->submit()
#2 C:\xampp\htdocs\Marcus\system\CodeIgniter.php(436): CodeIgniter\CodeIgniter->runController(Object(App\Controllers\Hire))
#3 C:\xampp\htdocs\Marcus\system\CodeIgniter.php(336): CodeIgniter\CodeIgniter->handleRequest(NULL, Object(Config\Cache), false)
#4 C:\xampp\htdocs\Marcus\index.php(37): CodeIgniter\CodeIgniter->run()
#5 {main}
CRITICAL - 2022-03-01 06:48:42 --> Undefined array key "cvURL"
#0 C:\xampp\htdocs\Marcus\app\Controllers\Hire.php(34): CodeIgniter\Debug\Exceptions->errorHandler(2, 'Undefined array...', 'C:\\xampp\\htdocs...', 34)
#1 C:\xampp\htdocs\Marcus\system\CodeIgniter.php(928): App\Controllers\Hire->submit()
#2 C:\xampp\htdocs\Marcus\system\CodeIgniter.php(436): CodeIgniter\CodeIgniter->runController(Object(App\Controllers\Hire))
#3 C:\xampp\htdocs\Marcus\system\CodeIgniter.php(336): CodeIgniter\CodeIgniter->handleRequest(NULL, Object(Config\Cache), false)
#4 C:\xampp\htdocs\Marcus\index.php(37): CodeIgniter\CodeIgniter->run()
#5 {main}
CRITICAL - 2022-03-01 06:48:47 --> Undefined array key "cvURL"
#0 C:\xampp\htdocs\Marcus\app\Controllers\Hire.php(34): CodeIgniter\Debug\Exceptions->errorHandler(2, 'Undefined array...', 'C:\\xampp\\htdocs...', 34)
#1 C:\xampp\htdocs\Marcus\system\CodeIgniter.php(928): App\Controllers\Hire->submit()
#2 C:\xampp\htdocs\Marcus\system\CodeIgniter.php(436): CodeIgniter\CodeIgniter->runController(Object(App\Controllers\Hire))
#3 C:\xampp\htdocs\Marcus\system\CodeIgniter.php(336): CodeIgniter\CodeIgniter->handleRequest(NULL, Object(Config\Cache), false)
#4 C:\xampp\htdocs\Marcus\index.php(37): CodeIgniter\CodeIgniter->run()
#5 {main}
CRITICAL - 2022-03-01 06:50:13 --> Undefined array key "cvurl"
#0 C:\xampp\htdocs\Marcus\app\Controllers\Hire.php(34): CodeIgniter\Debug\Exceptions->errorHandler(2, 'Undefined array...', 'C:\\xampp\\htdocs...', 34)
#1 C:\xampp\htdocs\Marcus\system\CodeIgniter.php(928): App\Controllers\Hire->submit()
#2 C:\xampp\htdocs\Marcus\system\CodeIgniter.php(436): CodeIgniter\CodeIgniter->runController(Object(App\Controllers\Hire))
#3 C:\xampp\htdocs\Marcus\system\CodeIgniter.php(336): CodeIgniter\CodeIgniter->handleRequest(NULL, Object(Config\Cache), false)
#4 C:\xampp\htdocs\Marcus\index.php(37): CodeIgniter\CodeIgniter->run()
#5 {main}
CRITICAL - 2022-03-01 06:50:20 --> Undefined array key "cvurl"
#0 C:\xampp\htdocs\Marcus\app\Controllers\Hire.php(34): CodeIgniter\Debug\Exceptions->errorHandler(2, 'Undefined array...', 'C:\\xampp\\htdocs...', 34)
#1 C:\xampp\htdocs\Marcus\system\CodeIgniter.php(928): App\Controllers\Hire->submit()
#2 C:\xampp\htdocs\Marcus\system\CodeIgniter.php(436): CodeIgniter\CodeIgniter->runController(Object(App\Controllers\Hire))
#3 C:\xampp\htdocs\Marcus\system\CodeIgniter.php(336): CodeIgniter\CodeIgniter->handleRequest(NULL, Object(Config\Cache), false)
#4 C:\xampp\htdocs\Marcus\index.php(37): CodeIgniter\CodeIgniter->run()
#5 {main}
CRITICAL - 2022-03-01 06:50:55 --> Undefined array key "cvUrl"
#0 C:\xampp\htdocs\Marcus\app\Controllers\Hire.php(34): CodeIgniter\Debug\Exceptions->errorHandler(2, 'Undefined array...', 'C:\\xampp\\htdocs...', 34)
#1 C:\xampp\htdocs\Marcus\system\CodeIgniter.php(928): App\Controllers\Hire->submit()
#2 C:\xampp\htdocs\Marcus\system\CodeIgniter.php(436): CodeIgniter\CodeIgniter->runController(Object(App\Controllers\Hire))
#3 C:\xampp\htdocs\Marcus\system\CodeIgniter.php(336): CodeIgniter\CodeIgniter->handleRequest(NULL, Object(Config\Cache), false)
#4 C:\xampp\htdocs\Marcus\index.php(37): CodeIgniter\CodeIgniter->run()
#5 {main}
CRITICAL - 2022-03-01 06:52:09 --> Undefined array key "cvUrl"
#0 C:\xampp\htdocs\Marcus\app\Controllers\Hire.php(34): CodeIgniter\Debug\Exceptions->errorHandler(2, 'Undefined array...', 'C:\\xampp\\htdocs...', 34)
#1 C:\xampp\htdocs\Marcus\system\CodeIgniter.php(928): App\Controllers\Hire->submit()
#2 C:\xampp\htdocs\Marcus\system\CodeIgniter.php(436): CodeIgniter\CodeIgniter->runController(Object(App\Controllers\Hire))
#3 C:\xampp\htdocs\Marcus\system\CodeIgniter.php(336): CodeIgniter\CodeIgniter->handleRequest(NULL, Object(Config\Cache), false)
#4 C:\xampp\htdocs\Marcus\index.php(37): CodeIgniter\CodeIgniter->run()
#5 {main}
CRITICAL - 2022-03-01 06:53:32 --> Undefined array key "cvUrl"
#0 C:\xampp\htdocs\Marcus\app\Controllers\Hire.php(34): CodeIgniter\Debug\Exceptions->errorHandler(2, 'Undefined array...', 'C:\\xampp\\htdocs...', 34)
#1 C:\xampp\htdocs\Marcus\system\CodeIgniter.php(928): App\Controllers\Hire->submit()
#2 C:\xampp\htdocs\Marcus\system\CodeIgniter.php(436): CodeIgniter\CodeIgniter->runController(Object(App\Controllers\Hire))
#3 C:\xampp\htdocs\Marcus\system\CodeIgniter.php(336): CodeIgniter\CodeIgniter->handleRequest(NULL, Object(Config\Cache), false)
#4 C:\xampp\htdocs\Marcus\index.php(37): CodeIgniter\CodeIgniter->run()
#5 {main}
CRITICAL - 2022-03-01 07:19:13 --> Unmatched '}'
#0 C:\xampp\htdocs\Marcus\system\Router\Router.php(169): CodeIgniter\Router\Router->autoRoute('hire')
#1 C:\xampp\htdocs\Marcus\system\CodeIgniter.php(809): CodeIgniter\Router\Router->handle('hire')
#2 C:\xampp\htdocs\Marcus\system\CodeIgniter.php(389): CodeIgniter\CodeIgniter->tryToRouteIt(Object(CodeIgniter\Router\RouteCollection))
#3 C:\xampp\htdocs\Marcus\system\CodeIgniter.php(336): CodeIgniter\CodeIgniter->handleRequest(NULL, Object(Config\Cache), false)
#4 C:\xampp\htdocs\Marcus\index.php(37): CodeIgniter\CodeIgniter->run()
#5 {main}
CRITICAL - 2022-03-01 07:19:21 --> Unmatched '}'
#0 C:\xampp\htdocs\Marcus\system\Router\Router.php(169): CodeIgniter\Router\Router->autoRoute('hire')
#1 C:\xampp\htdocs\Marcus\system\CodeIgniter.php(809): CodeIgniter\Router\Router->handle('hire')
#2 C:\xampp\htdocs\Marcus\system\CodeIgniter.php(389): CodeIgniter\CodeIgniter->tryToRouteIt(Object(CodeIgniter\Router\RouteCollection))
#3 C:\xampp\htdocs\Marcus\system\CodeIgniter.php(336): CodeIgniter\CodeIgniter->handleRequest(NULL, Object(Config\Cache), false)
#4 C:\xampp\htdocs\Marcus\index.php(37): CodeIgniter\CodeIgniter->run()
#5 {main}
CRITICAL - 2022-03-01 07:20:23 --> Unmatched '}'
#0 C:\xampp\htdocs\Marcus\system\Router\Router.php(169): CodeIgniter\Router\Router->autoRoute('hire')
#1 C:\xampp\htdocs\Marcus\system\CodeIgniter.php(809): CodeIgniter\Router\Router->handle('hire')
#2 C:\xampp\htdocs\Marcus\system\CodeIgniter.php(389): CodeIgniter\CodeIgniter->tryToRouteIt(Object(CodeIgniter\Router\RouteCollection))
#3 C:\xampp\htdocs\Marcus\system\CodeIgniter.php(336): CodeIgniter\CodeIgniter->handleRequest(NULL, Object(Config\Cache), false)
#4 C:\xampp\htdocs\Marcus\index.php(37): CodeIgniter\CodeIgniter->run()
#5 {main}
CRITICAL - 2022-03-01 07:23:04 --> Undefined variable $target_file
#0 C:\xampp\htdocs\Marcus\app\Controllers\Hire.php(61): CodeIgniter\Debug\Exceptions->errorHandler(2, 'Undefined varia...', 'C:\\xampp\\htdocs...', 61)
#1 C:\xampp\htdocs\Marcus\system\CodeIgniter.php(928): App\Controllers\Hire->submit()
#2 C:\xampp\htdocs\Marcus\system\CodeIgniter.php(436): CodeIgniter\CodeIgniter->runController(Object(App\Controllers\Hire))
#3 C:\xampp\htdocs\Marcus\system\CodeIgniter.php(336): CodeIgniter\CodeIgniter->handleRequest(NULL, Object(Config\Cache), false)
#4 C:\xampp\htdocs\Marcus\index.php(37): CodeIgniter\CodeIgniter->run()
#5 {main}
CRITICAL - 2022-03-01 07:37:02 --> Invalid file: about-us.php
#0 C:\xampp\htdocs\Marcus\system\View\View.php(213): CodeIgniter\Exceptions\FrameworkException::forInvalidFile('about-us.php')
#1 C:\xampp\htdocs\Marcus\system\Common.php(1271): CodeIgniter\View\View->render('about-us', Array, true)
#2 C:\xampp\htdocs\Marcus\app\Controllers\About.php(23): view('about-us')
#3 C:\xampp\htdocs\Marcus\system\CodeIgniter.php(928): App\Controllers\About->index()
#4 C:\xampp\htdocs\Marcus\system\CodeIgniter.php(436): CodeIgniter\CodeIgniter->runController(Object(App\Controllers\About))
#5 C:\xampp\htdocs\Marcus\system\CodeIgniter.php(336): CodeIgniter\CodeIgniter->handleRequest(NULL, Object(Config\Cache), false)
#6 C:\xampp\htdocs\Marcus\index.php(37): CodeIgniter\CodeIgniter->run()
#7 {main}
CRITICAL - 2022-03-01 07:44:29 --> Invalid file: about-us.php
#0 C:\xampp\htdocs\Marcus\system\View\View.php(213): CodeIgniter\Exceptions\FrameworkException::forInvalidFile('about-us.php')
#1 C:\xampp\htdocs\Marcus\system\Common.php(1271): CodeIgniter\View\View->render('about-us', Array, true)
#2 C:\xampp\htdocs\Marcus\app\Controllers\About.php(23): view('about-us')
#3 C:\xampp\htdocs\Marcus\system\CodeIgniter.php(928): App\Controllers\About->index()
#4 C:\xampp\htdocs\Marcus\system\CodeIgniter.php(436): CodeIgniter\CodeIgniter->runController(Object(App\Controllers\About))
#5 C:\xampp\htdocs\Marcus\system\CodeIgniter.php(336): CodeIgniter\CodeIgniter->handleRequest(NULL, Object(Config\Cache), false)
#6 C:\xampp\htdocs\Marcus\index.php(37): CodeIgniter\CodeIgniter->run()
#7 {main}
