CRITICAL - 2022-03-14 05:58:20 --> Call to undefined method App\Controllers\Applicants::find()
#0 C:\xampp\htdocs\VirtualEnterprise\system\CodeIgniter.php(928): App\Controllers\Applicants->index()
#1 C:\xampp\htdocs\VirtualEnterprise\system\CodeIgniter.php(436): CodeIgniter\CodeIgniter->runController(Object(App\Controllers\Applicants))
#2 C:\xampp\htdocs\VirtualEnterprise\system\CodeIgniter.php(336): CodeIgniter\CodeIgniter->handleRequest(NULL, Object(Config\Cache), false)
#3 C:\xampp\htdocs\VirtualEnterprise\index.php(37): CodeIgniter\CodeIgniter->run()
#4 {main}
CRITICAL - 2022-03-14 05:58:58 --> Undefined variable $data
#0 C:\xampp\htdocs\VirtualEnterprise\app\Controllers\Applicants.php(27): CodeIgniter\Debug\Exceptions->errorHandler(2, 'Undefined varia...', 'C:\\xampp\\htdocs...', 27)
#1 C:\xampp\htdocs\VirtualEnterprise\system\CodeIgniter.php(928): App\Controllers\Applicants->index()
#2 C:\xampp\htdocs\VirtualEnterprise\system\CodeIgniter.php(436): CodeIgniter\CodeIgniter->runController(Object(App\Controllers\Applicants))
#3 C:\xampp\htdocs\VirtualEnterprise\system\CodeIgniter.php(336): CodeIgniter\CodeIgniter->handleRequest(NULL, Object(Config\Cache), false)
#4 C:\xampp\htdocs\VirtualEnterprise\index.php(37): CodeIgniter\CodeIgniter->run()
#5 {main}
CRITICAL - 2022-03-14 05:58:59 --> Undefined variable $data
#0 C:\xampp\htdocs\VirtualEnterprise\app\Controllers\Applicants.php(27): CodeIgniter\Debug\Exceptions->errorHandler(2, 'Undefined varia...', 'C:\\xampp\\htdocs...', 27)
#1 C:\xampp\htdocs\VirtualEnterprise\system\CodeIgniter.php(928): App\Controllers\Applicants->index()
#2 C:\xampp\htdocs\VirtualEnterprise\system\CodeIgniter.php(436): CodeIgniter\CodeIgniter->runController(Object(App\Controllers\Applicants))
#3 C:\xampp\htdocs\VirtualEnterprise\system\CodeIgniter.php(336): CodeIgniter\CodeIgniter->handleRequest(NULL, Object(Config\Cache), false)
#4 C:\xampp\htdocs\VirtualEnterprise\index.php(37): CodeIgniter\CodeIgniter->run()
#5 {main}
CRITICAL - 2022-03-14 05:59:15 --> Call to undefined method App\Controllers\Applicants::findAll()
#0 C:\xampp\htdocs\VirtualEnterprise\system\CodeIgniter.php(928): App\Controllers\Applicants->getApplicants()
#1 C:\xampp\htdocs\VirtualEnterprise\system\CodeIgniter.php(436): CodeIgniter\CodeIgniter->runController(Object(App\Controllers\Applicants))
#2 C:\xampp\htdocs\VirtualEnterprise\system\CodeIgniter.php(336): CodeIgniter\CodeIgniter->handleRequest(NULL, Object(Config\Cache), false)
#3 C:\xampp\htdocs\VirtualEnterprise\index.php(37): CodeIgniter\CodeIgniter->run()
#4 {main}
CRITICAL - 2022-03-14 05:59:39 --> Call to undefined method App\Controllers\Applicants::findAll()
#0 C:\xampp\htdocs\VirtualEnterprise\system\CodeIgniter.php(928): App\Controllers\Applicants->getApplicants()
#1 C:\xampp\htdocs\VirtualEnterprise\system\CodeIgniter.php(436): CodeIgniter\CodeIgniter->runController(Object(App\Controllers\Applicants))
#2 C:\xampp\htdocs\VirtualEnterprise\system\CodeIgniter.php(336): CodeIgniter\CodeIgniter->handleRequest(NULL, Object(Config\Cache), false)
#3 C:\xampp\htdocs\VirtualEnterprise\index.php(37): CodeIgniter\CodeIgniter->run()
#4 {main}
CRITICAL - 2022-03-14 06:01:53 --> Call to undefined method App\Controllers\Applicants::findAll()
#0 C:\xampp\htdocs\VirtualEnterprise\system\CodeIgniter.php(928): App\Controllers\Applicants->getApplicants()
#1 C:\xampp\htdocs\VirtualEnterprise\system\CodeIgniter.php(436): CodeIgniter\CodeIgniter->runController(Object(App\Controllers\Applicants))
#2 C:\xampp\htdocs\VirtualEnterprise\system\CodeIgniter.php(336): CodeIgniter\CodeIgniter->handleRequest(NULL, Object(Config\Cache), false)
#3 C:\xampp\htdocs\VirtualEnterprise\index.php(37): CodeIgniter\CodeIgniter->run()
#4 {main}
CRITICAL - 2022-03-14 06:04:20 --> Call to undefined method App\Controllers\Applicants::findAll()
#0 C:\xampp\htdocs\VirtualEnterprise\system\CodeIgniter.php(928): App\Controllers\Applicants->getApplicants()
#1 C:\xampp\htdocs\VirtualEnterprise\system\CodeIgniter.php(436): CodeIgniter\CodeIgniter->runController(Object(App\Controllers\Applicants))
#2 C:\xampp\htdocs\VirtualEnterprise\system\CodeIgniter.php(336): CodeIgniter\CodeIgniter->handleRequest(NULL, Object(Config\Cache), false)
#3 C:\xampp\htdocs\VirtualEnterprise\index.php(37): CodeIgniter\CodeIgniter->run()
#4 {main}
CRITICAL - 2022-03-14 06:04:26 --> Call to undefined method App\Controllers\Applicants::findAll()
#0 C:\xampp\htdocs\VirtualEnterprise\system\CodeIgniter.php(928): App\Controllers\Applicants->getApplicants()
#1 C:\xampp\htdocs\VirtualEnterprise\system\CodeIgniter.php(436): CodeIgniter\CodeIgniter->runController(Object(App\Controllers\Applicants))
#2 C:\xampp\htdocs\VirtualEnterprise\system\CodeIgniter.php(336): CodeIgniter\CodeIgniter->handleRequest(NULL, Object(Config\Cache), false)
#3 C:\xampp\htdocs\VirtualEnterprise\index.php(37): CodeIgniter\CodeIgniter->run()
#4 {main}
CRITICAL - 2022-03-14 06:08:09 --> Call to undefined method App\Controllers\Applicants::findAll()
#0 C:\xampp\htdocs\VirtualEnterprise\system\CodeIgniter.php(928): App\Controllers\Applicants->getApplicants()
#1 C:\xampp\htdocs\VirtualEnterprise\system\CodeIgniter.php(436): CodeIgniter\CodeIgniter->runController(Object(App\Controllers\Applicants))
#2 C:\xampp\htdocs\VirtualEnterprise\system\CodeIgniter.php(336): CodeIgniter\CodeIgniter->handleRequest(NULL, Object(Config\Cache), false)
#3 C:\xampp\htdocs\VirtualEnterprise\index.php(37): CodeIgniter\CodeIgniter->run()
#4 {main}
CRITICAL - 2022-03-14 06:08:38 --> Call to undefined method App\Controllers\Applicants::findAll()
#0 C:\xampp\htdocs\VirtualEnterprise\system\CodeIgniter.php(928): App\Controllers\Applicants->getApplicants()
#1 C:\xampp\htdocs\VirtualEnterprise\system\CodeIgniter.php(436): CodeIgniter\CodeIgniter->runController(Object(App\Controllers\Applicants))
#2 C:\xampp\htdocs\VirtualEnterprise\system\CodeIgniter.php(336): CodeIgniter\CodeIgniter->handleRequest(NULL, Object(Config\Cache), false)
#3 C:\xampp\htdocs\VirtualEnterprise\index.php(37): CodeIgniter\CodeIgniter->run()
#4 {main}
CRITICAL - 2022-03-14 06:08:51 --> Call to undefined method App\Controllers\Applicants::findAll()
#0 C:\xampp\htdocs\VirtualEnterprise\system\CodeIgniter.php(928): App\Controllers\Applicants->getApplicants()
#1 C:\xampp\htdocs\VirtualEnterprise\system\CodeIgniter.php(436): CodeIgniter\CodeIgniter->runController(Object(App\Controllers\Applicants))
#2 C:\xampp\htdocs\VirtualEnterprise\system\CodeIgniter.php(336): CodeIgniter\CodeIgniter->handleRequest(NULL, Object(Config\Cache), false)
#3 C:\xampp\htdocs\VirtualEnterprise\index.php(37): CodeIgniter\CodeIgniter->run()
#4 {main}
CRITICAL - 2022-03-14 06:09:19 --> Call to undefined method App\Controllers\Applicants::findAll()
#0 C:\xampp\htdocs\VirtualEnterprise\system\CodeIgniter.php(928): App\Controllers\Applicants->getApplicants()
#1 C:\xampp\htdocs\VirtualEnterprise\system\CodeIgniter.php(436): CodeIgniter\CodeIgniter->runController(Object(App\Controllers\Applicants))
#2 C:\xampp\htdocs\VirtualEnterprise\system\CodeIgniter.php(336): CodeIgniter\CodeIgniter->handleRequest(NULL, Object(Config\Cache), false)
#3 C:\xampp\htdocs\VirtualEnterprise\index.php(37): CodeIgniter\CodeIgniter->run()
#4 {main}
CRITICAL - 2022-03-14 06:10:07 --> Call to undefined method App\Controllers\Applicants::findAll()
#0 C:\xampp\htdocs\VirtualEnterprise\system\CodeIgniter.php(928): App\Controllers\Applicants->getApplicants()
#1 C:\xampp\htdocs\VirtualEnterprise\system\CodeIgniter.php(436): CodeIgniter\CodeIgniter->runController(Object(App\Controllers\Applicants))
#2 C:\xampp\htdocs\VirtualEnterprise\system\CodeIgniter.php(336): CodeIgniter\CodeIgniter->handleRequest(NULL, Object(Config\Cache), false)
#3 C:\xampp\htdocs\VirtualEnterprise\index.php(37): CodeIgniter\CodeIgniter->run()
#4 {main}
CRITICAL - 2022-03-14 06:10:13 --> Call to undefined method App\Controllers\Applicants::findAll()
#0 C:\xampp\htdocs\VirtualEnterprise\system\CodeIgniter.php(928): App\Controllers\Applicants->getApplicants()
#1 C:\xampp\htdocs\VirtualEnterprise\system\CodeIgniter.php(436): CodeIgniter\CodeIgniter->runController(Object(App\Controllers\Applicants))
#2 C:\xampp\htdocs\VirtualEnterprise\system\CodeIgniter.php(336): CodeIgniter\CodeIgniter->handleRequest(NULL, Object(Config\Cache), false)
#3 C:\xampp\htdocs\VirtualEnterprise\index.php(37): CodeIgniter\CodeIgniter->run()
#4 {main}
CRITICAL - 2022-03-14 06:10:51 --> Call to undefined method App\Controllers\Applicants::findAll()
#0 C:\xampp\htdocs\VirtualEnterprise\system\CodeIgniter.php(928): App\Controllers\Applicants->getApplicants()
#1 C:\xampp\htdocs\VirtualEnterprise\system\CodeIgniter.php(436): CodeIgniter\CodeIgniter->runController(Object(App\Controllers\Applicants))
#2 C:\xampp\htdocs\VirtualEnterprise\system\CodeIgniter.php(336): CodeIgniter\CodeIgniter->handleRequest(NULL, Object(Config\Cache), false)
#3 C:\xampp\htdocs\VirtualEnterprise\index.php(37): CodeIgniter\CodeIgniter->run()
#4 {main}
CRITICAL - 2022-03-14 06:24:54 --> Call to undefined method App\Controllers\Applicants::findAll()
#0 C:\xampp\htdocs\VirtualEnterprise\system\CodeIgniter.php(928): App\Controllers\Applicants->getApplicants()
#1 C:\xampp\htdocs\VirtualEnterprise\system\CodeIgniter.php(436): CodeIgniter\CodeIgniter->runController(Object(App\Controllers\Applicants))
#2 C:\xampp\htdocs\VirtualEnterprise\system\CodeIgniter.php(336): CodeIgniter\CodeIgniter->handleRequest(NULL, Object(Config\Cache), false)
#3 C:\xampp\htdocs\VirtualEnterprise\index.php(37): CodeIgniter\CodeIgniter->run()
#4 {main}
CRITICAL - 2022-03-14 06:25:55 --> Call to undefined method App\Controllers\Applicants::findAll()
#0 C:\xampp\htdocs\VirtualEnterprise\system\CodeIgniter.php(928): App\Controllers\Applicants->getApplicants()
#1 C:\xampp\htdocs\VirtualEnterprise\system\CodeIgniter.php(436): CodeIgniter\CodeIgniter->runController(Object(App\Controllers\Applicants))
#2 C:\xampp\htdocs\VirtualEnterprise\system\CodeIgniter.php(336): CodeIgniter\CodeIgniter->handleRequest(NULL, Object(Config\Cache), false)
#3 C:\xampp\htdocs\VirtualEnterprise\index.php(37): CodeIgniter\CodeIgniter->run()
#4 {main}
CRITICAL - 2022-03-14 06:26:00 --> Call to undefined method App\Controllers\Applicants::findAll()
#0 C:\xampp\htdocs\VirtualEnterprise\system\CodeIgniter.php(928): App\Controllers\Applicants->getApplicants()
#1 C:\xampp\htdocs\VirtualEnterprise\system\CodeIgniter.php(436): CodeIgniter\CodeIgniter->runController(Object(App\Controllers\Applicants))
#2 C:\xampp\htdocs\VirtualEnterprise\system\CodeIgniter.php(336): CodeIgniter\CodeIgniter->handleRequest(NULL, Object(Config\Cache), false)
#3 C:\xampp\htdocs\VirtualEnterprise\index.php(37): CodeIgniter\CodeIgniter->run()
#4 {main}
CRITICAL - 2022-03-14 06:29:41 --> Call to undefined method App\Controllers\Applicants::findAll()
#0 C:\xampp\htdocs\VirtualEnterprise\system\CodeIgniter.php(928): App\Controllers\Applicants->getApplicants()
#1 C:\xampp\htdocs\VirtualEnterprise\system\CodeIgniter.php(436): CodeIgniter\CodeIgniter->runController(Object(App\Controllers\Applicants))
#2 C:\xampp\htdocs\VirtualEnterprise\system\CodeIgniter.php(336): CodeIgniter\CodeIgniter->handleRequest(NULL, Object(Config\Cache), false)
#3 C:\xampp\htdocs\VirtualEnterprise\index.php(37): CodeIgniter\CodeIgniter->run()
#4 {main}
CRITICAL - 2022-03-14 06:30:56 --> Call to undefined method App\Controllers\Applicants::findAll()
#0 C:\xampp\htdocs\VirtualEnterprise\system\CodeIgniter.php(928): App\Controllers\Applicants->getApplicants()
#1 C:\xampp\htdocs\VirtualEnterprise\system\CodeIgniter.php(436): CodeIgniter\CodeIgniter->runController(Object(App\Controllers\Applicants))
#2 C:\xampp\htdocs\VirtualEnterprise\system\CodeIgniter.php(336): CodeIgniter\CodeIgniter->handleRequest(NULL, Object(Config\Cache), false)
#3 C:\xampp\htdocs\VirtualEnterprise\index.php(37): CodeIgniter\CodeIgniter->run()
#4 {main}
CRITICAL - 2022-03-14 06:32:06 --> Call to undefined method App\Controllers\Applicants::findAll()
#0 C:\xampp\htdocs\VirtualEnterprise\system\CodeIgniter.php(928): App\Controllers\Applicants->getApplicants()
#1 C:\xampp\htdocs\VirtualEnterprise\system\CodeIgniter.php(436): CodeIgniter\CodeIgniter->runController(Object(App\Controllers\Applicants))
#2 C:\xampp\htdocs\VirtualEnterprise\system\CodeIgniter.php(336): CodeIgniter\CodeIgniter->handleRequest(NULL, Object(Config\Cache), false)
#3 C:\xampp\htdocs\VirtualEnterprise\index.php(37): CodeIgniter\CodeIgniter->run()
#4 {main}
CRITICAL - 2022-03-14 06:32:09 --> Call to undefined method App\Controllers\Applicants::findAll()
#0 C:\xampp\htdocs\VirtualEnterprise\system\CodeIgniter.php(928): App\Controllers\Applicants->getApplicants()
#1 C:\xampp\htdocs\VirtualEnterprise\system\CodeIgniter.php(436): CodeIgniter\CodeIgniter->runController(Object(App\Controllers\Applicants))
#2 C:\xampp\htdocs\VirtualEnterprise\system\CodeIgniter.php(336): CodeIgniter\CodeIgniter->handleRequest(NULL, Object(Config\Cache), false)
#3 C:\xampp\htdocs\VirtualEnterprise\index.php(37): CodeIgniter\CodeIgniter->run()
#4 {main}
CRITICAL - 2022-03-14 06:36:24 --> Call to undefined method App\Controllers\Applicants::find()
#0 C:\xampp\htdocs\VirtualEnterprise\system\CodeIgniter.php(928): App\Controllers\Applicants->index()
#1 C:\xampp\htdocs\VirtualEnterprise\system\CodeIgniter.php(436): CodeIgniter\CodeIgniter->runController(Object(App\Controllers\Applicants))
#2 C:\xampp\htdocs\VirtualEnterprise\system\CodeIgniter.php(336): CodeIgniter\CodeIgniter->handleRequest(NULL, Object(Config\Cache), false)
#3 C:\xampp\htdocs\VirtualEnterprise\index.php(37): CodeIgniter\CodeIgniter->run()
#4 {main}
CRITICAL - 2022-03-14 06:36:52 --> Call to undefined method App\Controllers\Applicants::findAll()
#0 C:\xampp\htdocs\VirtualEnterprise\system\CodeIgniter.php(928): App\Controllers\Applicants->index()
#1 C:\xampp\htdocs\VirtualEnterprise\system\CodeIgniter.php(436): CodeIgniter\CodeIgniter->runController(Object(App\Controllers\Applicants))
#2 C:\xampp\htdocs\VirtualEnterprise\system\CodeIgniter.php(336): CodeIgniter\CodeIgniter->handleRequest(NULL, Object(Config\Cache), false)
#3 C:\xampp\htdocs\VirtualEnterprise\index.php(37): CodeIgniter\CodeIgniter->run()
#4 {main}
CRITICAL - 2022-03-14 06:36:53 --> Call to undefined method App\Controllers\Applicants::findAll()
#0 C:\xampp\htdocs\VirtualEnterprise\system\CodeIgniter.php(928): App\Controllers\Applicants->index()
#1 C:\xampp\htdocs\VirtualEnterprise\system\CodeIgniter.php(436): CodeIgniter\CodeIgniter->runController(Object(App\Controllers\Applicants))
#2 C:\xampp\htdocs\VirtualEnterprise\system\CodeIgniter.php(336): CodeIgniter\CodeIgniter->handleRequest(NULL, Object(Config\Cache), false)
#3 C:\xampp\htdocs\VirtualEnterprise\index.php(37): CodeIgniter\CodeIgniter->run()
#4 {main}
CRITICAL - 2022-03-14 06:45:21 --> Call to undefined method App\Controllers\Applicants::findAll()
#0 C:\xampp\htdocs\VirtualEnterprise\system\CodeIgniter.php(928): App\Controllers\Applicants->getUsers()
#1 C:\xampp\htdocs\VirtualEnterprise\system\CodeIgniter.php(436): CodeIgniter\CodeIgniter->runController(Object(App\Controllers\Applicants))
#2 C:\xampp\htdocs\VirtualEnterprise\system\CodeIgniter.php(336): CodeIgniter\CodeIgniter->handleRequest(NULL, Object(Config\Cache), false)
#3 C:\xampp\htdocs\VirtualEnterprise\index.php(37): CodeIgniter\CodeIgniter->run()
#4 {main}
CRITICAL - 2022-03-14 06:46:30 --> Call to undefined method App\Controllers\Applicants::findAll()
#0 C:\xampp\htdocs\VirtualEnterprise\system\CodeIgniter.php(928): App\Controllers\Applicants->getUsers()
#1 C:\xampp\htdocs\VirtualEnterprise\system\CodeIgniter.php(436): CodeIgniter\CodeIgniter->runController(Object(App\Controllers\Applicants))
#2 C:\xampp\htdocs\VirtualEnterprise\system\CodeIgniter.php(336): CodeIgniter\CodeIgniter->handleRequest(NULL, Object(Config\Cache), false)
#3 C:\xampp\htdocs\VirtualEnterprise\index.php(37): CodeIgniter\CodeIgniter->run()
#4 {main}
CRITICAL - 2022-03-14 06:46:34 --> Call to undefined method App\Controllers\Applicants::findAll()
#0 C:\xampp\htdocs\VirtualEnterprise\system\CodeIgniter.php(928): App\Controllers\Applicants->getUsers()
#1 C:\xampp\htdocs\VirtualEnterprise\system\CodeIgniter.php(436): CodeIgniter\CodeIgniter->runController(Object(App\Controllers\Applicants))
#2 C:\xampp\htdocs\VirtualEnterprise\system\CodeIgniter.php(336): CodeIgniter\CodeIgniter->handleRequest(NULL, Object(Config\Cache), false)
#3 C:\xampp\htdocs\VirtualEnterprise\index.php(37): CodeIgniter\CodeIgniter->run()
#4 {main}
