CRITICAL - 2022-03-10 08:50:54 --> The framework needs the following extension(s) installed and loaded: intl.
#0 C:\xampp\htdocs\Marcus\system\CodeIgniter.php(228): CodeIgniter\Exceptions\FrameworkException::forMissingExtension('intl')
#1 C:\xampp\htdocs\Marcus\system\CodeIgniter.php(180): CodeIgniter\CodeIgniter->resolvePlatformExtensions()
#2 C:\xampp\htdocs\Marcus\system\bootstrap.php(157): CodeIgniter\CodeIgniter->initialize()
#3 C:\xampp\htdocs\Marcus\index.php(28): require('C:\\xampp\\htdocs...')
#4 {main}
CRITICAL - 2022-03-10 08:53:05 --> The framework needs the following extension(s) installed and loaded: intl.
#0 C:\xampp\htdocs\Marcus\system\CodeIgniter.php(228): CodeIgniter\Exceptions\FrameworkException::forMissingExtension('intl')
#1 C:\xampp\htdocs\Marcus\system\CodeIgniter.php(180): CodeIgniter\CodeIgniter->resolvePlatformExtensions()
#2 C:\xampp\htdocs\Marcus\system\bootstrap.php(157): CodeIgniter\CodeIgniter->initialize()
#3 C:\xampp\htdocs\Marcus\index.php(28): require('C:\\xampp\\htdocs...')
#4 {main}
CRITICAL - 2022-03-10 08:53:06 --> The framework needs the following extension(s) installed and loaded: intl.
#0 C:\xampp\htdocs\Marcus\system\CodeIgniter.php(228): CodeIgniter\Exceptions\FrameworkException::forMissingExtension('intl')
#1 C:\xampp\htdocs\Marcus\system\CodeIgniter.php(180): CodeIgniter\CodeIgniter->resolvePlatformExtensions()
#2 C:\xampp\htdocs\Marcus\system\bootstrap.php(157): CodeIgniter\CodeIgniter->initialize()
#3 C:\xampp\htdocs\Marcus\index.php(28): require('C:\\xampp\\htdocs...')
#4 {main}
CRITICAL - 2022-03-10 08:31:47 --> Undefined variable $messageData
#0 C:\xampp\htdocs\VirtualEnterprise\app\Controllers\Contact.php(37): CodeIgniter\Debug\Exceptions->errorHandler(2, 'Undefined varia...', 'C:\\xampp\\htdocs...', 37)
#1 C:\xampp\htdocs\VirtualEnterprise\system\CodeIgniter.php(928): App\Controllers\Contact->submit()
#2 C:\xampp\htdocs\VirtualEnterprise\system\CodeIgniter.php(436): CodeIgniter\CodeIgniter->runController(Object(App\Controllers\Contact))
#3 C:\xampp\htdocs\VirtualEnterprise\system\CodeIgniter.php(336): CodeIgniter\CodeIgniter->handleRequest(NULL, Object(Config\Cache), false)
#4 C:\xampp\htdocs\VirtualEnterprise\index.php(37): CodeIgniter\CodeIgniter->run()
#5 {main}
CRITICAL - 2022-03-10 08:32:57 --> syntax error, unexpected identifier "send"
#0 C:\xampp\htdocs\VirtualEnterprise\system\Router\Router.php(169): CodeIgniter\Router\Router->autoRoute('contact/submit')
#1 C:\xampp\htdocs\VirtualEnterprise\system\CodeIgniter.php(809): CodeIgniter\Router\Router->handle('contact/submit')
#2 C:\xampp\htdocs\VirtualEnterprise\system\CodeIgniter.php(389): CodeIgniter\CodeIgniter->tryToRouteIt(Object(CodeIgniter\Router\RouteCollection))
#3 C:\xampp\htdocs\VirtualEnterprise\system\CodeIgniter.php(336): CodeIgniter\CodeIgniter->handleRequest(NULL, Object(Config\Cache), false)
#4 C:\xampp\htdocs\VirtualEnterprise\index.php(37): CodeIgniter\CodeIgniter->run()
#5 {main}
CRITICAL - 2022-03-10 08:34:00 --> Undefined variable $messageData
#0 C:\xampp\htdocs\VirtualEnterprise\app\Controllers\Contact.php(39): CodeIgniter\Debug\Exceptions->errorHandler(2, 'Undefined varia...', 'C:\\xampp\\htdocs...', 39)
#1 C:\xampp\htdocs\VirtualEnterprise\system\CodeIgniter.php(928): App\Controllers\Contact->submit()
#2 C:\xampp\htdocs\VirtualEnterprise\system\CodeIgniter.php(436): CodeIgniter\CodeIgniter->runController(Object(App\Controllers\Contact))
#3 C:\xampp\htdocs\VirtualEnterprise\system\CodeIgniter.php(336): CodeIgniter\CodeIgniter->handleRequest(NULL, Object(Config\Cache), false)
#4 C:\xampp\htdocs\VirtualEnterprise\index.php(37): CodeIgniter\CodeIgniter->run()
#5 {main}
CRITICAL - 2022-03-10 08:39:34 --> Call to undefined method App\Models\Message::send
#0 C:\xampp\htdocs\VirtualEnterprise\app\Controllers\Contact.php(39): CodeIgniter\Model->__call('send', Array)
#1 C:\xampp\htdocs\VirtualEnterprise\system\CodeIgniter.php(928): App\Controllers\Contact->submit()
#2 C:\xampp\htdocs\VirtualEnterprise\system\CodeIgniter.php(436): CodeIgniter\CodeIgniter->runController(Object(App\Controllers\Contact))
#3 C:\xampp\htdocs\VirtualEnterprise\system\CodeIgniter.php(336): CodeIgniter\CodeIgniter->handleRequest(NULL, Object(Config\Cache), false)
#4 C:\xampp\htdocs\VirtualEnterprise\index.php(37): CodeIgniter\CodeIgniter->run()
#5 {main}
CRITICAL - 2022-03-10 08:40:22 --> Call to undefined method App\Models\Message::send
#0 C:\xampp\htdocs\VirtualEnterprise\app\Controllers\Contact.php(39): CodeIgniter\Model->__call('send', Array)
#1 C:\xampp\htdocs\VirtualEnterprise\system\CodeIgniter.php(928): App\Controllers\Contact->submit()
#2 C:\xampp\htdocs\VirtualEnterprise\system\CodeIgniter.php(436): CodeIgniter\CodeIgniter->runController(Object(App\Controllers\Contact))
#3 C:\xampp\htdocs\VirtualEnterprise\system\CodeIgniter.php(336): CodeIgniter\CodeIgniter->handleRequest(NULL, Object(Config\Cache), false)
#4 C:\xampp\htdocs\VirtualEnterprise\index.php(37): CodeIgniter\CodeIgniter->run()
#5 {main}
CRITICAL - 2022-03-10 08:45:16 --> Call to undefined method App\Models\Message::send
#0 C:\xampp\htdocs\VirtualEnterprise\app\Controllers\Contact.php(39): CodeIgniter\Model->__call('send', Array)
#1 C:\xampp\htdocs\VirtualEnterprise\system\CodeIgniter.php(928): App\Controllers\Contact->send()
#2 C:\xampp\htdocs\VirtualEnterprise\system\CodeIgniter.php(436): CodeIgniter\CodeIgniter->runController(Object(App\Controllers\Contact))
#3 C:\xampp\htdocs\VirtualEnterprise\system\CodeIgniter.php(336): CodeIgniter\CodeIgniter->handleRequest(NULL, Object(Config\Cache), false)
#4 C:\xampp\htdocs\VirtualEnterprise\index.php(37): CodeIgniter\CodeIgniter->run()
#5 {main}
CRITICAL - 2022-03-10 08:46:12 --> Call to undefined method App\Models\Message::send
#0 C:\xampp\htdocs\VirtualEnterprise\app\Controllers\Contact.php(39): CodeIgniter\Model->__call('send', Array)
#1 C:\xampp\htdocs\VirtualEnterprise\system\CodeIgniter.php(928): App\Controllers\Contact->send()
#2 C:\xampp\htdocs\VirtualEnterprise\system\CodeIgniter.php(436): CodeIgniter\CodeIgniter->runController(Object(App\Controllers\Contact))
#3 C:\xampp\htdocs\VirtualEnterprise\system\CodeIgniter.php(336): CodeIgniter\CodeIgniter->handleRequest(NULL, Object(Config\Cache), false)
#4 C:\xampp\htdocs\VirtualEnterprise\index.php(37): CodeIgniter\CodeIgniter->run()
#5 {main}
CRITICAL - 2022-03-10 08:46:18 --> Call to undefined method App\Models\Message::send
#0 C:\xampp\htdocs\VirtualEnterprise\app\Controllers\Contact.php(39): CodeIgniter\Model->__call('send', Array)
#1 C:\xampp\htdocs\VirtualEnterprise\system\CodeIgniter.php(928): App\Controllers\Contact->send()
#2 C:\xampp\htdocs\VirtualEnterprise\system\CodeIgniter.php(436): CodeIgniter\CodeIgniter->runController(Object(App\Controllers\Contact))
#3 C:\xampp\htdocs\VirtualEnterprise\system\CodeIgniter.php(336): CodeIgniter\CodeIgniter->handleRequest(NULL, Object(Config\Cache), false)
#4 C:\xampp\htdocs\VirtualEnterprise\index.php(37): CodeIgniter\CodeIgniter->run()
#5 {main}
CRITICAL - 2022-03-10 08:48:48 --> Unmatched '}'
#0 C:\xampp\htdocs\VirtualEnterprise\system\Router\Router.php(169): CodeIgniter\Router\Router->autoRoute('contact/send')
#1 C:\xampp\htdocs\VirtualEnterprise\system\CodeIgniter.php(809): CodeIgniter\Router\Router->handle('contact/send')
#2 C:\xampp\htdocs\VirtualEnterprise\system\CodeIgniter.php(389): CodeIgniter\CodeIgniter->tryToRouteIt(Object(CodeIgniter\Router\RouteCollection))
#3 C:\xampp\htdocs\VirtualEnterprise\system\CodeIgniter.php(336): CodeIgniter\CodeIgniter->handleRequest(NULL, Object(Config\Cache), false)
#4 C:\xampp\htdocs\VirtualEnterprise\index.php(37): CodeIgniter\CodeIgniter->run()
#5 {main}
CRITICAL - 2022-03-10 08:52:56 -->  route cannot be found while reverse-routing.
#0 C:\xampp\htdocs\VirtualEnterprise\system\HTTP\RedirectResponse.php(64): CodeIgniter\HTTP\Exceptions\HTTPException::forInvalidRedirectRoute('')
#1 C:\xampp\htdocs\VirtualEnterprise\system\Common.php(972): CodeIgniter\HTTP\RedirectResponse->route(false)
#2 C:\xampp\htdocs\VirtualEnterprise\app\Controllers\Contact.php(42): redirect('contact')
#3 C:\xampp\htdocs\VirtualEnterprise\system\CodeIgniter.php(928): App\Controllers\Contact->send()
#4 C:\xampp\htdocs\VirtualEnterprise\system\CodeIgniter.php(436): CodeIgniter\CodeIgniter->runController(Object(App\Controllers\Contact))
#5 C:\xampp\htdocs\VirtualEnterprise\system\CodeIgniter.php(336): CodeIgniter\CodeIgniter->handleRequest(NULL, Object(Config\Cache), false)
#6 C:\xampp\htdocs\VirtualEnterprise\index.php(37): CodeIgniter\CodeIgniter->run()
#7 {main}
CRITICAL - 2022-03-10 08:54:26 --> Undefined property: App\Controllers\Contact::$session
#0 C:\xampp\htdocs\VirtualEnterprise\app\Controllers\Contact.php(42): CodeIgniter\Debug\Exceptions->errorHandler(2, 'Undefined prope...', 'C:\\xampp\\htdocs...', 42)
#1 C:\xampp\htdocs\VirtualEnterprise\system\CodeIgniter.php(928): App\Controllers\Contact->send()
#2 C:\xampp\htdocs\VirtualEnterprise\system\CodeIgniter.php(436): CodeIgniter\CodeIgniter->runController(Object(App\Controllers\Contact))
#3 C:\xampp\htdocs\VirtualEnterprise\system\CodeIgniter.php(336): CodeIgniter\CodeIgniter->handleRequest(NULL, Object(Config\Cache), false)
#4 C:\xampp\htdocs\VirtualEnterprise\index.php(37): CodeIgniter\CodeIgniter->run()
#5 {main}
